<?xml version="1.0" encoding="UTF-8"?>
<!-- Generated by org.testng.reporters.JUnitReportReporter -->
<testsuite hostname="INBAN5CG8441LZD" failures="0" tests="2" name="testcases.loginTest" time="0.490" errors="0" timestamp="2020-11-25T13:52:21 IST" skipped="0">
  <testcase classname="testcases.loginTest" name="testurl" time="0.077"/>
  <system-out/>
  <testcase classname="testcases.loginTest" name="testtitle" time="0.413"/>
  <system-out/>
</testsuite> <!-- testcases.loginTest -->
